2021-07-27 23:11:44,644 Testing for user: 0
2021-07-27 23:12:31,433 Accuracy: 0.9803921568627451
2021-07-27 23:12:31,433 Recall: 0.016666666666666666
2021-07-27 23:12:31,433 Precision: 0.5
2021-07-27 23:12:31,433 F1: 0.03225806451612903
2021-07-27 23:12:31,433 Testing for user: 1
2021-07-27 23:13:16,755 Accuracy: 0.988562091503268
2021-07-27 23:13:16,755 Recall: 0.48148148148148145
2021-07-27 23:13:16,755 Precision: 0.7878787878787878
2021-07-27 23:13:16,755 F1: 0.5977011494252873
2021-07-27 23:13:16,756 Testing for user: 2
2021-07-27 23:14:02,376 Accuracy: 0.9869281045751634
2021-07-27 23:14:02,376 Recall: 0.32727272727272727
2021-07-27 23:14:02,377 Precision: 0.8571428571428571
2021-07-27 23:14:02,377 F1: 0.47368421052631576
2021-07-27 23:14:02,377 Testing for user: 3
2021-07-27 23:14:47,527 Accuracy: 0.9862745098039216
2021-07-27 23:14:47,527 Recall: 0.25925925925925924
2021-07-27 23:14:47,527 Precision: 0.875
2021-07-27 23:14:47,527 F1: 0.39999999999999997
2021-07-27 23:14:47,527 Testing for user: 4
2021-07-27 23:15:32,330 Accuracy: 0.9892156862745098
2021-07-27 23:15:32,331 Recall: 0.1794871794871795
2021-07-27 23:15:32,331 Precision: 0.875
2021-07-27 23:15:32,331 F1: 0.2978723404255319
2021-07-27 23:15:32,331 Testing for user: 5
2021-07-27 23:16:17,209 Accuracy: 0.9826797385620915
2021-07-27 23:16:17,209 Recall: 0.2608695652173913
2021-07-27 23:16:17,209 Precision: 0.9
2021-07-27 23:16:17,209 F1: 0.40449438202247195
2021-07-27 23:16:17,209 Testing for user: 6
2021-07-27 23:17:02,578 Accuracy: 0.9866013071895425
2021-07-27 23:17:02,579 Recall: 0.4935064935064935
2021-07-27 23:17:02,579 Precision: 0.95
2021-07-27 23:17:02,579 F1: 0.6495726495726496
2021-07-27 23:17:02,579 Testing for user: 7
2021-07-27 23:17:47,564 Accuracy: 0.9915032679738562
2021-07-27 23:17:47,564 Recall: 0.5636363636363636
2021-07-27 23:17:47,564 Precision: 0.9393939393939394
2021-07-27 23:17:47,564 F1: 0.7045454545454546
2021-07-27 23:17:47,564 Testing for user: 8
2021-07-27 23:18:32,638 Accuracy: 0.9813725490196078
2021-07-27 23:18:32,638 Recall: 0.3380281690140845
2021-07-27 23:18:32,638 Precision: 0.7058823529411765
2021-07-27 23:18:32,638 F1: 0.45714285714285713
2021-07-27 23:18:32,638 Testing for user: 9
2021-07-27 23:19:17,469 Accuracy: 0.9905228758169935
2021-07-27 23:19:17,470 Recall: 0.6065573770491803
2021-07-27 23:19:17,470 Precision: 0.8809523809523809
2021-07-27 23:19:17,470 F1: 0.7184466019417476
2021-07-27 23:19:17,470 Testing for user: 10
2021-07-27 23:20:02,857 Accuracy: 0.9852941176470589
2021-07-27 23:20:02,858 Recall: 0.40298507462686567
2021-07-27 23:20:02,858 Precision: 0.84375
2021-07-27 23:20:02,858 F1: 0.5454545454545454
2021-07-27 23:20:02,858 Testing for user: 11
2021-07-27 23:20:48,063 Accuracy: 0.9905228758169935
2021-07-27 23:20:48,063 Recall: 0.6666666666666666
2021-07-27 23:20:48,063 Precision: 0.84
2021-07-27 23:20:48,063 F1: 0.743362831858407
2021-07-27 23:20:48,064 Testing for user: 12
2021-07-27 23:21:32,681 Accuracy: 0.9944444444444445
2021-07-27 23:21:32,681 Recall: 0.7966101694915254
2021-07-27 23:21:32,681 Precision: 0.9038461538461539
2021-07-27 23:21:32,681 F1: 0.8468468468468469
2021-07-27 23:21:32,681 Testing for user: 13
2021-07-27 23:22:17,421 Accuracy: 0.9898692810457517
2021-07-27 23:22:17,421 Recall: 0.5178571428571429
2021-07-27 23:22:17,421 Precision: 0.8787878787878788
2021-07-27 23:22:17,421 F1: 0.651685393258427
2021-07-27 23:22:17,421 Testing for user: 14
2021-07-27 23:23:02,737 Accuracy: 0.9944444444444445
2021-07-27 23:23:02,737 Recall: 0.7619047619047619
2021-07-27 23:23:02,737 Precision: 0.96
2021-07-27 23:23:02,737 F1: 0.8495575221238937
2021-07-27 23:23:02,737 Testing for user: 15
2021-07-27 23:23:48,211 Accuracy: 0.9813725490196078
2021-07-27 23:23:48,211 Recall: 0.22727272727272727
2021-07-27 23:23:48,211 Precision: 0.7142857142857143
2021-07-27 23:23:48,211 F1: 0.3448275862068965
2021-07-27 23:23:48,211 Testing for user: 16
2021-07-27 23:24:33,350 Accuracy: 0.9823529411764705
2021-07-27 23:24:33,350 Recall: 0.25757575757575757
2021-07-27 23:24:33,350 Precision: 0.7727272727272727
2021-07-27 23:24:33,350 F1: 0.38636363636363635
2021-07-27 23:24:33,350 Testing for user: 17
2021-07-27 23:25:17,802 Accuracy: 0.99640522875817
2021-07-27 23:25:17,802 Recall: 0.8727272727272727
2021-07-27 23:25:17,802 Precision: 0.9230769230769231
2021-07-27 23:25:17,803 F1: 0.897196261682243
2021-07-27 23:25:17,803 Testing for user: 18
2021-07-27 23:26:03,322 Accuracy: 0.9931372549019608
2021-07-27 23:26:03,322 Recall: 0.6610169491525424
2021-07-27 23:26:03,322 Precision: 0.975
2021-07-27 23:26:03,322 F1: 0.7878787878787878
2021-07-27 23:26:03,322 Testing for user: 19
2021-07-27 23:26:49,089 Accuracy: 0.9895424836601308
2021-07-27 23:26:49,089 Recall: 0.576271186440678
2021-07-27 23:26:49,089 Precision: 0.8292682926829268
2021-07-27 23:26:49,089 F1: 0.6799999999999999
2021-07-27 23:26:49,089 Testing for user: 20
2021-07-27 23:27:34,426 Accuracy: 0.976797385620915
2021-07-27 23:27:34,426 Recall: 0.0
2021-07-27 23:27:34,426 Precision: 0.0
2021-07-27 23:27:34,426 F1: 0.0
2021-07-27 23:27:34,426 Testing for user: 21
2021-07-27 23:28:23,285 Accuracy: 0.9898692810457517
2021-07-27 23:28:23,285 Recall: 0.6119402985074627
2021-07-27 23:28:23,285 Precision: 0.8913043478260869
2021-07-27 23:28:23,285 F1: 0.7256637168141593
2021-07-27 23:28:23,285 Testing for user: 22
2021-07-27 23:29:13,704 Accuracy: 0.9937908496732026
2021-07-27 23:29:13,704 Recall: 0.6964285714285714
2021-07-27 23:29:13,704 Precision: 0.9512195121951219
2021-07-27 23:29:13,704 F1: 0.8041237113402062
2021-07-27 23:29:13,704 Testing for user: 23
2021-07-27 23:30:02,198 Accuracy: 0.9836601307189542
2021-07-27 23:30:02,198 Recall: 0.1864406779661017
2021-07-27 23:30:02,199 Precision: 0.8461538461538461
2021-07-27 23:30:02,199 F1: 0.3055555555555555
2021-07-27 23:30:02,199 Testing for user: 24
2021-07-27 23:30:47,113 Accuracy: 0.9921568627450981
2021-07-27 23:30:47,114 Recall: 0.6461538461538462
2021-07-27 23:30:47,114 Precision: 0.9767441860465116
2021-07-27 23:30:47,114 F1: 0.7777777777777778
2021-07-27 23:30:47,114 Testing for user: 25
2021-07-27 23:31:32,023 Accuracy: 0.9797385620915032
2021-07-27 23:31:32,023 Recall: 0.047619047619047616
2021-07-27 23:31:32,023 Precision: 0.6
2021-07-27 23:31:32,023 F1: 0.08823529411764705
2021-07-27 23:31:32,024 Testing for user: 26
2021-07-27 23:32:16,459 Accuracy: 0.9797385620915032
2021-07-27 23:32:16,459 Recall: 0.0
2021-07-27 23:32:16,459 Precision: 0.0
2021-07-27 23:32:16,459 F1: 0.0
2021-07-27 23:32:16,459 Testing for user: 27
2021-07-27 23:33:01,782 Accuracy: 0.9977124183006536
2021-07-27 23:33:01,782 Recall: 0.875
2021-07-27 23:33:01,782 Precision: 0.9767441860465116
2021-07-27 23:33:01,782 F1: 0.923076923076923
2021-07-27 23:33:01,782 Testing for user: 28
2021-07-27 23:33:46,636 Accuracy: 0.9911764705882353
2021-07-27 23:33:46,637 Recall: 0.5370370370370371
2021-07-27 23:33:46,637 Precision: 0.9354838709677419
2021-07-27 23:33:46,637 F1: 0.6823529411764706
2021-07-27 23:33:46,637 Testing for user: 29
2021-07-27 23:34:32,016 Accuracy: 0.9921568627450981
2021-07-27 23:34:32,016 Recall: 0.6551724137931034
2021-07-27 23:34:32,016 Precision: 0.9047619047619048
2021-07-27 23:34:32,016 F1: 0.7599999999999999
2021-07-27 23:34:32,016 Testing for user: 30
2021-07-27 23:35:16,873 Accuracy: 0.9977124183006536
2021-07-27 23:35:16,874 Recall: 0.8947368421052632
2021-07-27 23:35:16,874 Precision: 0.9807692307692307
2021-07-27 23:35:16,874 F1: 0.9357798165137614
2021-07-27 23:35:16,874 Testing for user: 31
2021-07-27 23:36:02,657 Accuracy: 0.9836601307189542
2021-07-27 23:36:02,657 Recall: 0.2
2021-07-27 23:36:02,657 Precision: 0.6470588235294118
2021-07-27 23:36:02,657 F1: 0.3055555555555555
2021-07-27 23:36:02,657 Testing for user: 32
2021-07-27 23:36:48,106 Accuracy: 0.9915032679738562
2021-07-27 23:36:48,106 Recall: 0.6065573770491803
2021-07-27 23:36:48,106 Precision: 0.9487179487179487
2021-07-27 23:36:48,106 F1: 0.74
2021-07-27 23:36:48,106 Testing for user: 33
2021-07-27 23:37:33,066 Accuracy: 0.9931372549019608
2021-07-27 23:37:33,066 Recall: 0.7192982456140351
2021-07-27 23:37:33,066 Precision: 0.8913043478260869
2021-07-27 23:37:33,066 F1: 0.7961165048543689
2021-07-27 23:37:33,066 Testing for user: 34
2021-07-27 23:38:18,421 Accuracy: 0.9947712418300654
2021-07-27 23:38:18,421 Recall: 0.8125
2021-07-27 23:38:18,421 Precision: 0.9285714285714286
2021-07-27 23:38:18,421 F1: 0.8666666666666666
2021-07-27 23:38:18,421 Testing for user: 35
2021-07-27 23:39:03,894 Accuracy: 0.9911764705882353
2021-07-27 23:39:03,894 Recall: 0.7397260273972602
2021-07-27 23:39:03,894 Precision: 0.8709677419354839
2021-07-27 23:39:03,894 F1: 0.8
2021-07-27 23:39:03,895 Testing for user: 36
2021-07-27 23:39:49,437 Accuracy: 0.9950980392156863
2021-07-27 23:39:49,437 Recall: 0.8166666666666667
2021-07-27 23:39:49,437 Precision: 0.9245283018867925
2021-07-27 23:39:49,437 F1: 0.8672566371681416
2021-07-27 23:39:49,438 Testing for user: 37
2021-07-27 23:40:34,392 Accuracy: 0.996078431372549
2021-07-27 23:40:34,392 Recall: 0.7647058823529411
2021-07-27 23:40:34,392 Precision: 1.0
2021-07-27 23:40:34,392 F1: 0.8666666666666666
2021-07-27 23:40:34,392 Testing for user: 38
2021-07-27 23:41:20,128 Accuracy: 0.988562091503268
2021-07-27 23:41:20,128 Recall: 0.5079365079365079
2021-07-27 23:41:20,128 Precision: 0.8888888888888888
2021-07-27 23:41:20,128 F1: 0.6464646464646465
2021-07-27 23:41:20,128 Testing for user: 39
2021-07-27 23:42:05,428 Accuracy: 0.9839869281045751
2021-07-27 23:42:05,428 Recall: 0.3142857142857143
2021-07-27 23:42:05,428 Precision: 0.9565217391304348
2021-07-27 23:42:05,429 F1: 0.47311827956989244
2021-07-27 23:42:05,429 Testing for user: 40
2021-07-27 23:42:51,263 Accuracy: 0.9862745098039216
2021-07-27 23:42:51,263 Recall: 0.49019607843137253
2021-07-27 23:42:51,263 Precision: 0.6097560975609756
2021-07-27 23:42:51,263 F1: 0.5434782608695652
2021-07-27 23:42:51,263 Testing for user: 41
2021-07-27 23:43:36,135 Accuracy: 0.9833333333333333
2021-07-27 23:43:36,136 Recall: 0.05555555555555555
2021-07-27 23:43:36,136 Precision: 1.0
2021-07-27 23:43:36,136 F1: 0.10526315789473684
2021-07-27 23:43:36,136 Testing for user: 42
2021-07-27 23:44:20,891 Accuracy: 0.9954248366013072
2021-07-27 23:44:20,891 Recall: 0.9193548387096774
2021-07-27 23:44:20,892 Precision: 0.8636363636363636
2021-07-27 23:44:20,892 F1: 0.890625
2021-07-27 23:44:20,892 Testing for user: 43
2021-07-27 23:45:05,919 Accuracy: 0.9859477124183007
2021-07-27 23:45:05,920 Recall: 0.38333333333333336
2021-07-27 23:45:05,920 Precision: 0.7931034482758621
2021-07-27 23:45:05,920 F1: 0.5168539325842697
2021-07-27 23:45:05,920 Testing for user: 44
2021-07-27 23:45:51,091 Accuracy: 0.992483660130719
2021-07-27 23:45:51,091 Recall: 0.5416666666666666
2021-07-27 23:45:51,092 Precision: 0.9629629629629629
2021-07-27 23:45:51,092 F1: 0.6933333333333334
2021-07-27 23:45:51,092 Testing for user: 45
2021-07-27 23:46:36,175 Accuracy: 0.9977124183006536
2021-07-27 23:46:36,175 Recall: 0.9264705882352942
2021-07-27 23:46:36,175 Precision: 0.9692307692307692
2021-07-27 23:46:36,175 F1: 0.9473684210526316
2021-07-27 23:46:36,175 Testing for user: 46
2021-07-27 23:47:21,490 Accuracy: 0.9973856209150327
2021-07-27 23:47:21,490 Recall: 0.8909090909090909
2021-07-27 23:47:21,490 Precision: 0.9607843137254902
2021-07-27 23:47:21,490 F1: 0.9245283018867925
2021-07-27 23:47:21,490 Testing for user: 47
2021-07-27 23:48:05,873 Accuracy: 0.9816993464052287
2021-07-27 23:48:05,873 Recall: 0.0
2021-07-27 23:48:05,873 Precision: 0.0
2021-07-27 23:48:05,873 F1: 0.0
2021-07-27 23:48:05,873 Testing for user: 48
2021-07-27 23:48:50,944 Accuracy: 0.9947712418300654
2021-07-27 23:48:50,944 Recall: 0.717391304347826
2021-07-27 23:48:50,944 Precision: 0.9166666666666666
2021-07-27 23:48:50,944 F1: 0.8048780487804877
2021-07-27 23:48:50,944 Testing for user: 49
2021-07-27 23:49:35,779 Accuracy: 0.984313725490196
2021-07-27 23:49:35,780 Recall: 0.43478260869565216
2021-07-27 23:49:35,780 Precision: 0.7692307692307693
2021-07-27 23:49:35,780 F1: 0.5555555555555555
2021-07-27 23:49:35,780 Testing for user: 50
2021-07-27 23:50:20,757 Accuracy: 0.9839869281045751
2021-07-27 23:50:20,757 Recall: 0.43661971830985913
2021-07-27 23:50:20,757 Precision: 0.775
2021-07-27 23:50:20,757 F1: 0.5585585585585585
2021-07-27 23:50:20,758 Final accuracy mean: 0.9889657823913879
2021-07-27 23:50:20,758 Final accuracy std: 0.005571397242896102
2021-07-27 23:50:20,759 Final recall mean: 0.5038458417728202
2021-07-27 23:50:20,759 Final recall std: 0.2713921552777013
2021-07-27 23:50:20,759 Final precision mean: 0.8167079264756726
2021-07-27 23:50:20,759 Final precision std: 0.23078095338382343
2021-07-27 23:50:20,759 Final F1 mean: 0.5955636154044412
2021-07-27 23:50:20,759 Final F1 std: 0.27110309720870157
2021-07-27 23:50:20,759 Total time expended: 2316114
